20221230	20:51:22	04b743e6-7ecf-4cf0-bbcd-b3d26debb9ec	GET	/api/products	undefined
20221230	20:51:22	a3fbfc13-284c-4d36-aa13-c7e90f1b0242	GET	/api/products	undefined
20221230	20:51:38	b8836d49-38ca-48a8-9f9b-6c2cba5ccd35	POST	/api/products	http://127.0.0.1:5000
20221230	20:51:38	80c4ee86-5f6e-4f5a-9285-628295708c8d	GET	/f78a2a70322b4637ed8d9cbe67b023d8	undefined
20221230	20:51:54	419645d9-909f-4f63-8a6b-1e44ab124991	GET	/api/products	undefined
20221230	20:51:54	70b0c2d7-704a-46e4-a3bc-0aec3dc9b2f9	GET	/api/products	undefined
20221230	20:51:58	d42e842e-1881-4466-b4cc-6c8f9c91d9b9	GET	/api/products	undefined
20221230	20:51:58	fb640d71-c59f-4eb8-aa4b-e7e87cc81a49	GET	/api/products	undefined
20221230	20:52:00	76f56fcd-5af8-4d94-b67d-b6235a350d48	DELETE	/api/products/63ac5e935117b4fced1b1af3	http://127.0.0.1:5000
20221230	21:19:18	f25d044c-66c5-4bec-975a-a902712e5b62	GET	/api/products	undefined
20221230	21:19:18	47900990-7aef-4b55-aaf1-1df775f9d093	GET	/api/products	undefined
20221230	21:19:36	9874a311-7329-487e-aebb-e336b00182e9	POST	/api/products	http://127.0.0.1:5000
20221230	21:19:36	5c71d1ca-76f4-41fa-a5e8-16bcd0266434	GET	/3b86e90eb9f9c8e974073e00ef7ea26a	undefined
20221230	21:19:36	92e0aa6b-29af-4572-9443-f30ffea4969c	GET	/6ce2cf42a3f11ab520a441b7157eeec1	undefined
20221230	21:23:16	aa32bf7b-209a-432b-a72c-baa936fdbf5a	GET	/api/products	undefined
20221230	21:23:16	da714b3d-357d-4f95-b284-487cb6d5a4b0	GET	/api/products	undefined
20221230	21:23:32	f7a4a825-f7d6-4899-aec5-ebc7ab913f82	GET	/api/products/63af47d815714f2909e965cf	undefined
20221230	21:23:32	e1afd6f4-1386-46d8-8e6f-c6700e54c221	GET	/api/products/63af47d815714f2909e965cf	undefined
20221230	21:23:32	42f57335-0092-4b9f-98b3-75d32a91c2e6	GET	/3b86e90eb9f9c8e974073e00ef7ea26a	undefined
20221230	21:23:32	ec4aed71-73f3-405a-8732-b40a77a9176c	GET	/6ce2cf42a3f11ab520a441b7157eeec1	undefined
20221230	21:23:49	65aefd3e-1f84-45a5-a255-44723763e1fd	GET	/api/products	undefined
20221230	21:23:49	b9bc45a8-314d-4f35-9f45-aebd6fe9fb11	GET	/api/products	undefined
20221230	21:28:38	073c1792-05b4-4f19-aace-1a54707b94c9	GET	/api/products	undefined
20221230	21:28:38	c543873a-f235-4d86-a11f-6417790be2b4	GET	/api/products	undefined
20221230	21:54:15	0b86447a-2a47-48af-872c-70e4a05c1104	GET	/api/products	undefined
20221230	21:54:15	22cd2261-2925-4ddb-ba27-956ef8771d79	GET	/api/products	undefined
20221230	21:54:25	6ef5d0b1-cccc-485e-88d3-1659201e8ef5	POST	/api/products	http://127.0.0.1:5000
20221230	21:54:26	b7d64117-b93f-4d3e-9e87-563a06da3390	GET	/04fc977f4da0c6794f855c2891836597	undefined
20221230	21:54:34	7f360472-9001-49c4-bd2c-965bf24b58b5	GET	/api/products	undefined
20221230	21:54:34	5f2664ec-61a4-433d-b1e4-db0b26fb68bf	GET	/api/products	undefined
20221230	21:55:01	5defae8a-ca27-415a-b84d-026358e00dde	POST	/api/products	http://127.0.0.1:5000
20221230	21:55:02	00620af7-118a-44e1-bb6d-8ddddc979a1d	GET	/67ddacaa75bf516fc750d744dbae2e0f	undefined
20221230	21:55:17	78ddfa5d-c841-4c9b-bef5-50930826a0e6	GET	/api/products	undefined
20221230	21:55:17	085db300-1fe9-41ab-9c93-36d51a9d728a	GET	/api/products	undefined
20221230	21:55:18	8d853aef-d981-4514-95b5-6ca67cecb53f	GET	/api/products/63af502611931cd6091125a0	undefined
20221230	21:55:18	e92b0b81-2f4b-4a96-9ead-046c2355ce44	GET	/api/products/63af502611931cd6091125a0	undefined
20221230	21:55:18	d4535a1b-6421-448f-97d9-b83c42daedb6	GET	/67ddacaa75bf516fc750d744dbae2e0f	undefined
20221230	22:01:21	dd1b34b3-0bcb-40f3-8aa7-ac6123c8be05	GET	/api/products/63af502611931cd6091125a0	undefined
20221230	22:01:21	f99b7b05-67ae-4ccc-9794-bb615f4d1303	GET	/api/products/63af502611931cd6091125a0	undefined
20221230	22:01:21	d4fe10da-4ab4-48d7-95b3-6d0ee1d11c75	GET	/67ddacaa75bf516fc750d744dbae2e0f	undefined
20221230	22:01:25	3edaf9ea-1119-40a5-9fa0-d3e8e7fdb5c1	GET	/api/products	undefined
20221230	22:01:25	e0993d5f-1787-4bd5-99a7-46f8623f8289	GET	/api/products	undefined
20221230	22:03:11	22625f29-7ac1-46f6-8238-28e218076ddd	GET	/api/products	undefined
20221230	22:03:11	c5273598-351c-46c8-9922-1a38a7d0ec5f	GET	/api/products	undefined
20221230	22:03:14	866b9e8b-5b63-4c47-8d25-1c490191b585	GET	/api/products/63af47d815714f2909e965cf	undefined
20221230	22:03:14	d2d5a88a-156b-4a80-9638-cec2b0dd8fa2	GET	/api/products/63af47d815714f2909e965cf	undefined
20221230	22:03:14	454eba82-d7e4-4692-a393-5ab9144c855c	GET	/6ce2cf42a3f11ab520a441b7157eeec1	undefined
20221230	22:03:14	ba94c7a2-1aeb-440a-b69d-0d7cb842b646	GET	/3b86e90eb9f9c8e974073e00ef7ea26a	undefined
20221230	22:03:22	3738d592-efff-4d42-abbb-58bdc054eac8	GET	/api/products	undefined
20221230	22:03:22	012ddc8b-afeb-4349-b591-54b627e72c69	GET	/api/products	undefined
20221230	22:04:59	e481c1e6-0842-4219-8c59-918f9640961a	POST	/api/products	http://127.0.0.1:5000
20221230	22:04:59	44ebf207-db60-4424-a329-712248f04e4f	GET	/9bac1a00b7837cdd657b8e4ba5678a38	undefined
20221230	22:15:57	924b6aab-4d37-46f3-9f5e-f7b5bcbc3311	GET	/api/products	undefined
20221230	22:15:57	35be08d4-7cac-4ad1-8441-035609ad402e	GET	/api/products	undefined
20221230	22:15:59	5f7ec327-70c7-4164-b140-2977cce4ca66	DELETE	/api/products/63af47d815714f2909e965cf	http://127.0.0.1:5000
20221230	22:15:59	5b91770f-846a-41b9-a6d3-76e1fc2bf1dd	GET	/api/products	undefined
20221230	22:15:59	e75facf6-074f-4b40-a752-cef0e48640e6	GET	/api/products	undefined
20221230	22:16:01	bfdc6ef6-c6bd-4ba3-8aa0-4cdf0233596a	DELETE	/api/products/63af500239ffd77612872498	http://127.0.0.1:5000
20221230	22:16:01	8dd08b59-f1bb-4e64-9b6d-121751f23c1f	GET	/api/products	undefined
20221230	22:16:01	d6ad7622-ffb7-4a5d-94a9-40dd85fc3289	GET	/api/products	undefined
20221230	22:16:06	c9d0f66a-03ce-4deb-b7cb-c4f259cfea74	DELETE	/api/products/63af502611931cd6091125a0	http://127.0.0.1:5000
20221230	22:16:07	f54b8c14-5a16-4eb9-b999-f0fe860d4947	GET	/api/products	undefined
20221230	22:16:07	560f9fe6-813d-4ceb-a348-c2050010fd06	GET	/api/products	undefined
20221230	22:16:09	6035bd54-1920-45b0-ad22-f44924f07a1d	DELETE	/api/products/63af527bd33ecd5cf40b7d67	http://127.0.0.1:5000
20221230	22:16:09	3e5a44dd-829a-4958-bbe6-bfd6ea36f95b	GET	/api/products	undefined
20221230	22:16:09	ab4780e0-b2f4-40a2-b812-7bf66229f83e	GET	/api/products	undefined
20221230	22:16:16	a0379cac-f5bd-464b-931c-53b866eb1932	POST	/api/products	http://127.0.0.1:5000
20221230	22:16:16	77c8cd76-5ea1-4f87-b10c-35e517dfed33	GET	/061537efde56830d66924ebdbd6c9a3c	undefined
20221230	22:21:07	d05af0fc-03ec-4392-93c1-0390a1a81dfe	GET	/api/products	undefined
20221230	22:21:07	c0132d25-4d47-415f-9734-e6e7e09d77bd	GET	/api/products	undefined
20221230	22:35:15	d7e7b326-0c3a-4826-aae0-44f03f34d02a	POST	/api/users/login	http://127.0.0.1:5000
20221230	22:35:24	35a87526-d488-4638-be75-81b9bec794c5	POST	/api/users/login	http://127.0.0.1:5000
20221230	22:35:30	b0195143-5127-427a-987e-53be7fd399df	GET	/api/products	undefined
20221230	22:35:30	54c56efe-ff08-4c7e-9272-63d6b03961d8	GET	/api/products	undefined
20221230	22:35:32	3f06658d-8526-4d71-a570-6df9c8189b4f	DELETE	/api/products/63af5520a8d1b8f28b35d238	http://127.0.0.1:5000
20221230	22:35:33	b4111e5f-a9fb-45b6-a1e4-fa2754fce902	GET	/api/products	undefined
20221230	22:35:33	e3ac8d01-0f84-46cd-9dd0-62ac702bcdf9	GET	/api/products	undefined
20221230	22:58:21	f6dd391d-ddf9-417f-b11b-9435c809db60	GET	/	http://localhost:3000
20221230	22:59:06	b4dffbb2-cde8-448b-9fd1-64b52842aca8	GET	/	http://localhost:3000
20221230	23:06:51	f866c510-af3e-4d30-b5d3-1637c478d79b	GET	/	http://localhost:3000
20221230	23:08:15	4ff3d8b2-febc-43fd-8802-10eaa4d8716c	GET	/	http://localhost:3000
20221230	23:11:45	3bdce49e-9cad-4394-a808-548fff1b5b9b	GET	/	http://localhost:3000
20221230	23:12:14	02691ffd-2652-47e7-9dcd-fdc2697b0c01	GET	/	http://localhost:3000
20221230	23:14:28	27b2c538-2ba4-451e-a6b5-49b2879de401	GET	/api/products	undefined
20221230	23:14:28	455203a2-b8b4-4618-94b4-307a12e4e20c	GET	/api/products	undefined
20221230	23:14:37	0efdfbcc-10f6-40b5-b17e-1e6c6e8f6905	GET	/api/products	undefined
20221230	23:14:37	9e046ddb-4e2c-4810-b546-7b225c97fceb	GET	/api/products	undefined
20221230	23:14:38	cce77c00-6e2d-4b69-96ea-81aa3ab1ec88	GET	/api/products	undefined
20221230	23:14:38	7d39a2ea-be9c-47e9-a0b5-c29189596b4b	GET	/api/products	undefined
20221230	23:15:26	c2a38f1c-7b85-44d8-aeaa-436d3961eb3b	GET	/api/products	undefined
20221230	23:15:26	d2266966-5a52-4f34-99ee-70adf858cc37	GET	/api/products	undefined
20221230	23:15:45	50954106-eef1-4def-9bec-3b66ac61e135	GET	/api/products	undefined
20221230	23:15:45	75d3af32-c523-4432-b3a7-a25ea16eeb07	GET	/api/products	undefined
20221230	23:16:46	68b6914c-bbd3-4b1d-a389-2be40a436077	GET	/api/products	undefined
20221230	23:16:46	22ae16bf-0aa7-4160-8637-0b7e025c024a	GET	/api/products	undefined
20221230	23:17:58	6ebc6c68-aed6-443d-91c1-2d460f70fb1d	GET	/api/products	undefined
20221230	23:17:58	09eaf07a-a3b4-4d58-895f-c5b17decdd1f	GET	/api/products	undefined
20221230	23:19:04	b6b20faf-2fa4-4da5-a5ea-535ca0425e01	GET	/	http://localhost:3000
20221230	23:19:09	58fcc503-aa69-4cdc-90c5-b31e1619373a	GET	/	http://localhost:3000
20221230	23:19:22	8895e39e-afc9-4764-9131-915f2d00e724	GET	/	http://localhost:3000
20221230	23:19:47	86fb37d1-2e33-48e7-88d3-8be787cbcf72	GET	/	http://localhost:3000
20221230	23:19:49	227d8d79-b404-4759-aa14-517118964d27	GET	/	http://localhost:3000
20221230	23:19:52	fd99227f-f20e-43a2-b73f-91ca3ed77294	GET	/	http://localhost:3000
20221230	23:22:53	261dc9bb-d04d-44ad-b50e-bffd00edd5a2	GET	/	http://localhost:3000
20221230	23:29:13	113bab61-fd40-4b85-94b4-9ad2e08bb2b7	GET	/api/products	undefined
20221230	23:29:13	7dfe0a52-b32c-428f-b785-3669873ee29b	GET	/api/products	undefined
20221230	23:35:15	bc63065e-7dfd-4830-8a8d-033b8215e778	GET	/	http://localhost:3000
20221230	23:57:05	a66e42fb-a2ab-4fe0-bbb8-645f80e09423	POST	/api/products	http://127.0.0.1:5000
20221230	23:57:09	62fb19e3-e012-4f86-81ac-2a8d1e4e2d38	GET	/	http://localhost:3000
20221230	23:57:37	548da517-b044-480b-947a-c7ea4df79923	GET	/api/products	undefined
20221230	23:57:37	beafcdc2-e916-48c8-a3cf-c35471a256b6	GET	/api/products	undefined
20221230	23:57:41	2299f4ed-b826-4393-b4ec-727527aa9a07	GET	/	http://localhost:3000
20221230	23:58:03	918543f4-fc16-45d6-964e-96a43b7fe1b0	POST	/api/products	http://127.0.0.1:5000
20221230	23:58:27	1a56df83-36d6-4acb-91bb-b3c5a9918ac8	POST	/api/products	http://127.0.0.1:5000
20221230	23:58:27	167dd44f-d183-42a8-b321-c3c38df52b8f	GET	/df9b21eb93cad2765aefdc7bf3a014d0	undefined
20221230	23:59:20	9f6d0d72-6c29-4d0b-8a3b-88a8cc17229d	GET	/api/products	undefined
20221230	23:59:20	7ecef853-bbcd-470c-8655-56a901522122	GET	/api/products	undefined
20221230	23:59:22	793ad293-7105-4a22-8c0a-c4666a2a0056	GET	/api/products/63af6d134778c963aaf5c62f	undefined
20221230	23:59:22	bd167d8e-ef4a-416c-8b0d-978ccba421ef	GET	/api/products/63af6d134778c963aaf5c62f	undefined
20221230	23:59:22	72aafdb8-d5b6-4b25-a3c4-8a7545c73d4a	GET	/df9b21eb93cad2765aefdc7bf3a014d0	undefined
20221230	23:59:27	4e7425e7-216f-4461-9704-a562bd89ae1c	PUT	/api/products/63af6d134778c963aaf5c62f	http://127.0.0.1:5000
20221230	23:59:28	2492cb40-6d6d-4f9c-b512-8f59e0d604cb	GET	/1969da32e828cd30ef4773ba890782fa	undefined
20221231	00:02:15	ed40dbeb-c3ff-45a4-90e7-0b3f22891611	GET	/api/products	undefined
20221231	00:02:15	ed86b3c5-960a-4963-a4ac-fa2d968c4f69	GET	/api/products	undefined
20221231	00:02:24	2b093116-069c-456e-aca2-1d1fbf8542bd	POST	/api/products	http://127.0.0.1:5000
20221231	00:02:31	29267e91-feea-4142-aa60-bab61849c6d2	GET	/api/products	undefined
20221231	00:02:31	f765edf8-a76b-4539-ab69-f7c26f8e8bca	GET	/api/products	undefined
20221231	00:02:35	d7482fa6-2c58-40d7-b1ab-7303981e4667	GET	/api/products/63af6e0021d8ba4088a96ce0	undefined
20221231	00:02:35	7c02f2a3-812a-4782-bab8-76adf822d311	GET	/api/products/63af6e0021d8ba4088a96ce0	undefined
20221231	00:02:55	818f63bd-8639-4ac9-9ad8-964e499dafcb	GET	/api/products/63af6e0021d8ba4088a96ce0	undefined
20221231	00:02:55	5239a0c4-db93-4fa2-992b-d51de5ab72fb	GET	/api/products/63af6e0021d8ba4088a96ce0	undefined
20221231	00:02:59	91b6cd82-3a2d-420b-beea-34d4883bda02	GET	/api/products	undefined
20221231	00:02:59	dd19a6b7-238a-4e29-b8f0-4c163c64b48f	GET	/api/products	undefined
20221231	00:03:01	b6235d07-17e1-4414-94a7-4f6e92ccc162	DELETE	/api/products/63af6d134778c963aaf5c62f	http://127.0.0.1:5000
20221231	00:03:02	51090d02-d3b1-4646-9dcb-b21feffc0ac3	GET	/api/products	undefined
20221231	00:03:02	2d82fff4-abf9-4262-95ae-c3e6e844d67f	GET	/api/products	undefined
20221231	00:03:02	73fe0fa9-ee51-401a-b6b4-fed4577f228b	DELETE	/api/products/63af6e0021d8ba4088a96ce0	http://127.0.0.1:5000
20221231	00:03:03	e32b27e9-0dda-4153-b993-e702e039e634	GET	/api/products	undefined
20221231	00:03:03	f5ed039b-5953-4579-8d09-64ce5be9f2a1	GET	/api/products	undefined
20221231	00:03:11	c63e1d74-ece4-40b4-8190-f6957eb88487	POST	/api/products	http://127.0.0.1:5000
20221231	00:03:11	1ce60099-7123-4457-89d5-be050006e348	GET	/5c7b6130096dab8faf6c8cde3c0bbc50	undefined
20221231	00:04:03	9842015d-a763-4a15-9357-02a16f0d01e4	GET	/	http://localhost:3000
20221231	00:04:43	89703cee-7de8-4881-b127-919dee4d4d85	GET	/	http://localhost:3000
20221231	00:04:48	9cc63c63-656d-4827-a790-58c9f417e21d	GET	/api/products	undefined
20221231	00:04:48	8bfc8318-0cd5-453e-9bef-ca7254991186	GET	/api/products	undefined
20221231	00:04:54	9631cf18-0243-4789-b190-11c9f5a02b36	POST	/api/products	http://127.0.0.1:5000
20221231	00:05:05	68138809-2f3e-45fc-8d3a-b19367cd9c26	GET	/	http://localhost:3000
20221231	00:09:54	c1d6c8e5-1daa-41d6-9e04-0d7fd4020dfe	POST	/api/products	http://127.0.0.1:5000
20221231	00:09:54	879c07f7-f619-4ad6-ae31-065d2d015892	GET	/d0e57b8c07d7f7366922a37ed1fc4799	undefined
20221231	00:10:03	5c7826a1-6de3-438a-90f2-f7a3df39740b	GET	/	http://localhost:3000
20221231	00:10:18	7385b1d4-ff78-4afb-bed7-5cf318f8734f	GET	/	http://localhost:3000
20221231	00:10:23	d9a1f751-f1e4-4e33-a877-ae908f9445bc	GET	/api/products	undefined
20221231	00:10:23	6268b49e-7cfd-4c57-ab18-8d0f90210bb8	GET	/api/products	undefined
20221231	00:10:25	a606eaf6-e2b6-4c29-9d8a-ad8fe0d6eba9	DELETE	/api/products/63af6e2f65047d3710add22c	http://127.0.0.1:5000
20221231	00:10:26	762600ae-a49a-41ce-b9ff-66dd64a672e3	GET	/api/products	undefined
20221231	00:10:26	300924f4-aed6-4106-84d9-287b01892eb8	GET	/api/products	undefined
20221231	00:10:27	3516faaa-4531-4104-9c22-381cfeca607b	DELETE	/api/products/63af6e96bc4ffdc9796c94b2	http://127.0.0.1:5000
20221231	00:10:27	73bb4d5a-a21f-4a9a-85aa-4721ea7cd4c1	GET	/api/products	undefined
20221231	00:10:27	f6d9e798-9898-4a60-b59f-10ea07e0db80	GET	/api/products	undefined
20221231	00:10:28	f1e7406b-fdad-4b6e-9f22-88e8f0a9f336	DELETE	/api/products/63af6fc23e42ff6a9a6a450d	http://127.0.0.1:5000
20221231	00:10:28	d530f632-8c06-4ab9-9f30-209968c09a33	GET	/api/products	undefined
20221231	00:10:28	f3e55a8f-7b32-45cc-b10d-e120285bfdfb	GET	/api/products	undefined
20221231	00:10:36	ead4b7a9-f4e3-43f8-b380-066a2590e313	POST	/api/products	http://127.0.0.1:5000
20221231	00:10:36	6b9b822e-329d-434f-83b5-e99805dd838f	GET	/a37b1184f74c13c3c67ad449d11b88ee	undefined
20221231	00:13:49	eb0dd7f0-6546-44fe-ba92-5d3e49e28846	GET	/api/products	undefined
20221231	00:13:49	748b8956-8f72-435a-9303-c60ace0fc715	GET	/api/products	undefined
20221231	00:13:55	ea0cea1a-32ab-4d19-bf62-ff5ee0a505fa	POST	/api/products	http://127.0.0.1:5000
20221231	00:14:00	de5d7121-b2ed-4619-9602-2579906c82c6	GET	/api/products	undefined
20221231	00:14:00	865085ee-5199-42a0-a717-b7364414f90e	GET	/api/products	undefined
20221231	00:14:17	7f9fafd1-1d31-4bbe-aabb-5486458cacd8	POST	/api/products	http://127.0.0.1:5000
20221231	00:14:48	1e0aa3ad-0014-493d-8dd6-4c0cd6adc9d3	GET	/api/products	undefined
20221231	00:14:48	dfb80f52-b571-42a3-b5a6-5a31a2084945	GET	/api/products	undefined
20221231	00:14:54	62719c85-2ec3-4475-9fce-10840d935664	POST	/api/products	http://127.0.0.1:5000
20221231	00:15:29	a359c702-1d94-4a1c-995b-472992e7bffd	POST	/api/products	http://127.0.0.1:5000
20221231	00:15:32	a0dc3faa-270c-42b5-bce3-5a9a42c1c923	POST	/api/products	http://127.0.0.1:5000
20221231	00:15:46	77c766be-64e5-4038-b4e1-38221f09a30a	GET	/api/products	undefined
20221231	00:15:46	61bf43f5-644b-4b29-ba3d-f6cf29430eac	GET	/api/products	undefined
20221231	00:15:51	450e9b64-b114-4b5b-bdb7-ac3b679ab8e8	POST	/api/products	http://127.0.0.1:5000
20221231	00:24:47	8ff91b42-0238-4c96-944b-c4786b769be2	GET	/api/products	undefined
20221231	00:24:47	880bcf5a-308d-4df8-a209-52c46108db7c	GET	/api/products	undefined
20221231	00:24:49	b568b249-cca7-4fd8-a688-1029d6482e0d	GET	/api/products	undefined
20221231	00:24:49	ce88da0b-bb8a-4d73-bac0-3907bccf6345	GET	/api/products	undefined
20221231	00:24:50	2f4211e4-59bf-4a2e-8b93-33c7350dd663	GET	/api/products	undefined
20221231	00:24:50	9e790ebe-abb1-4354-9d40-581cbefa050d	GET	/api/products	undefined
20221231	00:24:51	fbf607bd-7772-4ffe-992b-3bc25a093a90	GET	/api/products	undefined
20221231	00:24:51	d880615a-9846-49aa-8cb5-7b41bbadbbc5	GET	/api/products	undefined
20221231	00:24:52	c5edb3b4-9462-4e80-9443-822bfa90aefe	GET	/api/products	undefined
20221231	00:24:52	e915655e-9585-41f2-baba-023e129d02f0	GET	/api/products	undefined
20221231	00:24:53	0b2bbed1-24e1-4d37-923b-01f68dfe6244	GET	/api/products	undefined
20221231	00:24:53	aedc6b10-b0b2-4eb3-8b3c-f2e9e4911853	GET	/api/products	undefined
20221231	00:24:54	f9e36865-21e1-477d-b99d-2e3112ecc0ec	GET	/api/products	undefined
20221231	00:24:54	aced5cb3-6321-400f-88b2-e8e93ce4dde2	GET	/api/products	undefined
20221231	00:24:55	102c8fb9-b0bd-441d-8ee7-cb218f43cabf	GET	/api/products	undefined
20221231	00:24:55	1cba7c8a-f5d4-40bb-900f-1a904c6fa609	GET	/api/products	undefined
20221231	00:36:21	f98f9675-256f-4fc4-8caa-b1f791750efe	GET	/api/products	undefined
20221231	00:36:21	3536489c-97d5-446f-9588-3624ca1b5d4e	GET	/api/products	undefined
20221231	00:36:22	a7b0adb6-e305-4502-96b9-3ccd10afcccf	DELETE	/api/products/63af6fec1540d4cab5c2c3e2	http://127.0.0.1:5000
20221231	00:36:22	f05db7bb-628a-414a-883e-5f86283df52c	GET	/api/products	undefined
20221231	00:36:22	11b6ed76-1f48-4f51-8ed5-c6efda36ce3d	GET	/api/products	undefined
20221231	00:36:23	fa31f267-fc70-45b9-b8d9-26101dfe4334	DELETE	/api/products/63af70b3370e2d7ec0cedc3e	http://127.0.0.1:5000
20221231	00:36:23	1cd22120-b0d3-40e5-90da-c28ee061e917	GET	/api/products	undefined
20221231	00:36:23	d6c443cc-c611-41ba-b6f7-1f417e0f1be8	GET	/api/products	undefined
20221231	00:36:24	90a16f56-ce74-403c-a76f-e05a32987373	DELETE	/api/products/63af70c98de10e5b31f89347	http://127.0.0.1:5000
20221231	00:36:24	b7bb6c0f-e2e1-4f93-a7c8-e8266e04c7e9	GET	/api/products	undefined
20221231	00:36:24	8a6206ee-ed3c-4d5c-840e-6c22565c94ea	GET	/api/products	undefined
20221231	00:36:25	58dbe3a6-e701-4f0e-aed5-e77c6df23121	DELETE	/api/products/63af70ee9a14a58e932498ef	http://127.0.0.1:5000
20221231	00:36:26	6100b4ac-2923-46e6-b34a-97720fb85763	GET	/api/products	undefined
20221231	00:36:26	c18f05a9-0d3e-4da8-a628-8606aefcd739	GET	/api/products	undefined
20221231	00:36:26	eb030cac-4f1d-4bac-a70b-8b8d065200fc	DELETE	/api/products/63af7114f29d73b66e433655	http://127.0.0.1:5000
20221231	00:36:27	ff389a6b-158e-4004-8d3c-f2d4e967870b	GET	/api/products	undefined
20221231	00:36:27	6a44e423-ab79-47c1-b944-59fb0cdb7661	GET	/api/products	undefined
20221231	00:36:27	8943c948-f5c0-4c02-891b-714def02e540	DELETE	/api/products/63af7127815cf2f5c2a3add2	http://127.0.0.1:5000
20221231	00:36:28	d23a4691-bd5e-4aea-93c9-d521137066c9	GET	/api/products	undefined
20221231	00:36:28	a92c4ad7-ea25-4675-88f1-53d9cddc2740	GET	/api/products	undefined
20221231	00:36:35	0b3d61ba-fc0c-4e3e-9e0e-6be1b23bb417	POST	/api/products	http://127.0.0.1:5000
20221231	00:36:35	5608b682-71d4-4f87-9fce-74de9b94dea3	GET	/4a9362b46efb0a50f38be69626aac162	undefined
20221231	00:36:52	ca67cfbd-01b3-4767-9697-b3632b4b8822	GET	/api/products	undefined
20221231	00:36:52	6fdf49db-e937-40c9-8db6-7d632cf40a95	GET	/api/products	undefined
20221231	00:36:54	149fa2c4-4382-4e1d-a32d-829c5c88c7d0	GET	/api/products/63af760387592ba239a65f6f	undefined
20221231	00:36:54	83d3c819-7912-4914-b35d-0ccd3716ce0a	GET	/api/products/63af760387592ba239a65f6f	undefined
20221231	00:36:54	70fd31b6-9c7c-49b3-afee-3fbf2aac02bf	GET	/4a9362b46efb0a50f38be69626aac162	undefined
20221231	00:37:00	dad84013-a267-421e-8898-2ce599979cea	PUT	/api/products/63af760387592ba239a65f6f	http://127.0.0.1:5000
20221231	00:37:00	ef47a501-f63a-49df-8a18-211fae017d9b	GET	/d1d6898cf2b1853a143b6b0906dff6c0	undefined
20221231	00:37:00	cf56038d-f09b-4db1-9f3b-3387374403a2	GET	/95ebcf5486dedfe653945e73e07932a1	undefined
20221231	00:37:00	cd56bcf0-858d-4ed0-bced-7621c2a8738f	GET	/150886e0ee808b25803918750640309b	undefined
20221231	00:52:13	bef4ff88-1e67-4ec7-8064-9d576e8dc965	GET	/api/products	undefined
20221231	00:52:13	7e33570e-f88d-4db2-aaea-5c4d41788b22	GET	/api/products	undefined
20221231	00:55:23	b5d5259c-464d-4426-832e-5e417ddac8bb	GET	/api/products	undefined
20221231	00:55:23	dbf38673-b859-4fe0-b8fe-2251abf9b3a4	GET	/api/products	undefined
20221231	00:56:57	ef141256-75b7-4ead-bd98-cd358a3b3b60	GET	/api/products	undefined
20221231	00:56:57	b105dc21-3a04-46aa-aa91-f8c156b9a0e5	GET	/api/products	undefined
20221231	00:57:04	dee56b81-496a-45e9-bc25-afc40d11500e	POST	/api/products	http://localhost:5000
20221231	00:57:04	86a2db2f-2903-4f81-8c01-8d551fc805be	GET	/c051ddd2cb77397abd53c525e16ff0d7	undefined
20230102	00:25:38	79ecb392-1a7f-4427-806a-aaadc72344ac	GET	/favicon.ico	undefined
20230102	00:25:46	f1f1b441-4de3-462e-90c4-ecd990c3fb32	POST	/api/users/login	http://localhost:5000
20230102	00:25:49	61e61422-bab4-4f82-b4ca-1c78252780ce	GET	/api/products	undefined
20230102	00:25:49	5289e1da-4d15-4edf-bc48-a99fbfda8fbf	GET	/api/products	undefined
20230102	00:25:53	36e4a4be-d32b-46af-8636-bee6a6431aa9	GET	/api/products/63af760387592ba239a65f6f	undefined
20230102	00:25:53	bef1c938-ef07-414d-8677-beaf779a1dfa	GET	/api/products/63af760387592ba239a65f6f	undefined
20230102	00:25:53	1ee21587-94df-42d4-842a-055507f558f2	GET	/150886e0ee808b25803918750640309b	undefined
20230102	00:25:53	9c3821e9-69bb-4168-ada0-0da1e7ce7a4a	GET	/d1d6898cf2b1853a143b6b0906dff6c0	undefined
20230102	00:25:53	2e8ab94c-51a9-457c-88b7-bc10088496de	GET	/95ebcf5486dedfe653945e73e07932a1	undefined
20230102	00:25:54	986a4b81-bec2-4ab2-b065-2d92efd9398b	GET	/api/products	undefined
20230102	00:25:54	8de30760-2042-4fb6-be93-aec3bde43c5d	GET	/api/products	undefined
20230102	00:25:56	8caa094b-11d9-4b89-879c-9d95d574df1a	DELETE	/api/products/63af760387592ba239a65f6f	http://localhost:5000
20230102	00:25:56	0c2720a3-1fe6-4b13-97df-ce5f9606ffe2	GET	/api/products	undefined
20230102	00:25:56	899dc9f4-a918-4af6-a401-9c2b58e194d1	GET	/api/products	undefined
20230102	00:25:57	b2b92751-96fd-4928-adee-0f65b699e54f	DELETE	/api/products/63af760387592ba239a65f6f	http://localhost:5000
20230102	00:25:57	c0853257-a766-42cd-9b8d-03bc068d7320	GET	/api/products	undefined
20230102	00:25:57	2bd6dc42-7d65-4f84-89dc-f56e30c2f946	GET	/api/products	undefined
20230102	00:25:57	49dc9c48-4960-446a-b740-5dc7d0d77611	DELETE	/api/products/63af7ad0946c27f07d0d82b4	http://localhost:5000
20230102	00:25:57	f319c0f0-f05d-4bf1-9434-0b5d6ff47738	GET	/api/products	undefined
20230102	00:25:58	0cfccb93-740b-408d-84e0-16d230a74fa0	GET	/api/products	undefined
20230102	00:25:59	190a8edc-18b1-4c4a-9514-b5b03c357033	DELETE	/api/products/63af7ad0946c27f07d0d82b4	http://localhost:5000
20230102	00:25:59	eead6430-a5a2-43ba-b084-fa060f7d23b0	GET	/api/products	undefined
20230102	00:25:59	03cb8e18-6bff-4658-be8d-94e3d5c65efb	GET	/api/products	undefined
20230102	00:52:29	2571c33e-a951-45f6-baff-22c24df55962	POST	/api/products	http://localhost:5000
20230102	00:52:29	def411df-0efa-4389-aa79-f09f7088574c	GET	/c082a30bcf6370fc3c6755cca4a12f1b	undefined
20230102	00:52:48	f847c9c2-88ba-4dda-be8f-0b4056bbff90	GET	/api/products	undefined
20230102	00:52:48	0a4ee827-a6e9-4661-91e6-3ef415694c87	GET	/api/products	undefined
20230102	00:52:50	41f5ccef-c741-4ee5-ba5f-d6cf5ace9e57	GET	/api/products/63b21cbd4809ca300dd8d91a	undefined
20230102	00:52:50	e80273ab-8ba1-4dac-9dfd-40941b3969ea	GET	/api/products/63b21cbd4809ca300dd8d91a	undefined
20230102	00:52:50	6321b11f-2743-4d7a-a97a-1c129e6c552b	GET	/c082a30bcf6370fc3c6755cca4a12f1b	undefined
